<?xml version="1.0" encoding="UTF-8"?>
<testsuite name="com.xdtech.cloudsearch.module.sitecrawler.testservice.TestCrawlerLogService" time="0" tests="2" errors="0" skipped="2" failures="0">
  <properties>
[...]
</properties>
  <testcase name="testCheckCrawlerLog" classname="com.xdtech.cloudsearch.module.sitecrawler.testservice.TestCrawlerLogService" time="0">
    <skipped/>
    <system-out>[INFO][2013/08/28 18:03:37,934][org.springframework.test.context.TestContextManager] - @TestExecutionListeners is not present for class [class com.xdtech.cloudsearch.module.sitecrawler.testservice.TestCrawlerLogService]: using defaults.
</system-out>
  </testcase>
  <testcase name="testFindByPageCrawlerLogPageResult" classname="com.xdtech.cloudsearch.module.sitecrawler.testservice.TestCrawlerLogService" time="0">
    <skipped/>
  </testcase>
</testsuite>